mode: set
PietroskiCypher/data/usecontrollers/decode/unshift_rune_slice/unshift_rune_slice.go:6.54,9.23 2 1
PietroskiCypher/data/usecontrollers/decode/unshift_rune_slice/unshift_rune_slice.go:23.2,23.12 1 1
PietroskiCypher/data/usecontrollers/decode/unshift_rune_slice/unshift_rune_slice.go:9.23,13.18 3 1
PietroskiCypher/data/usecontrollers/decode/unshift_rune_slice/unshift_rune_slice.go:13.18,16.4 2 1
PietroskiCypher/data/usecontrollers/decode/unshift_rune_slice/unshift_rune_slice.go:16.9,20.4 3 1
PietroskiCypher/data/usecontrollers/decode/remove_random_runes/remove_random_runes.go:4.63,9.21 4 1
PietroskiCypher/data/usecontrollers/decode/remove_random_runes/remove_random_runes.go:16.2,16.12 1 1
PietroskiCypher/data/usecontrollers/decode/remove_random_runes/remove_random_runes.go:9.21,14.3 3 1
PietroskiCypher/data/usecontrollers/decode/check_min_size/check_min_size.go:4.87,6.26 2 1
PietroskiCypher/data/usecontrollers/decode/check_min_size/check_min_size.go:10.2,10.13 1 1
PietroskiCypher/data/usecontrollers/decode/check_min_size/check_min_size.go:6.26,8.3 1 1
PietroskiCypher/data/usecontrollers/decode/check_min_size/check_min_size.go:14.40,22.52 5 1
PietroskiCypher/data/usecontrollers/decode/check_min_size/check_min_size.go:29.2,29.16 1 1
PietroskiCypher/data/usecontrollers/decode/check_min_size/check_min_size.go:22.52,27.3 3 1
PietroskiCypher/data/usecontrollers/encode/encode.go:11.81,17.2 5 1
PietroskiCypher/data/usecontrollers/decode/decode.go:11.81,17.2 5 1
PietroskiCypher/data/usecontrollers/encode/check_max_size/check_max_size.go:4.70,6.18 2 1
PietroskiCypher/data/usecontrollers/encode/check_max_size/check_max_size.go:10.2,10.13 1 1
PietroskiCypher/data/usecontrollers/encode/check_max_size/check_max_size.go:6.18,8.3 1 1
PietroskiCypher/data/usecontrollers/encode/check_max_size/check_max_size.go:14.39,18.2 2 1
PietroskiCypher/data/usecontrollers/encode/inject_random_runes/inject_random_runes.go:11.51,18.30 4 1
PietroskiCypher/data/usecontrollers/encode/inject_random_runes/inject_random_runes.go:30.2,32.10 3 1
PietroskiCypher/data/usecontrollers/encode/inject_random_runes/inject_random_runes.go:36.2,36.13 1 1
PietroskiCypher/data/usecontrollers/encode/inject_random_runes/inject_random_runes.go:18.30,21.13 2 1
PietroskiCypher/data/usecontrollers/encode/inject_random_runes/inject_random_runes.go:25.3,27.32 3 1
PietroskiCypher/data/usecontrollers/encode/inject_random_runes/inject_random_runes.go:21.13,23.4 1 1
PietroskiCypher/data/usecontrollers/encode/inject_random_runes/inject_random_runes.go:32.10,34.3 1 0
PietroskiCypher/data/usecontrollers/encode/inject_random_runes/inject_random_runes.go:41.47,44.22 2 1
PietroskiCypher/data/usecontrollers/encode/inject_random_runes/inject_random_runes.go:48.2,48.10 1 1
PietroskiCypher/data/usecontrollers/encode/inject_random_runes/inject_random_runes.go:44.22,46.3 1 1
PietroskiCypher/data/usecontrollers/encode/inject_random_runes/inject_random_runes.go:54.49,60.2 4 1
PietroskiCypher/data/usecontrollers/generics/rune_slice_to_string/rune_slice_to_string.go:4.41,7.2 2 1
PietroskiCypher/data/usecontrollers/encode/shift_rune_slice/shift_rune_slice.go:6.52,9.23 2 1
PietroskiCypher/data/usecontrollers/encode/shift_rune_slice/shift_rune_slice.go:23.2,23.12 1 1
PietroskiCypher/data/usecontrollers/encode/shift_rune_slice/shift_rune_slice.go:9.23,13.23 3 1
PietroskiCypher/data/usecontrollers/encode/shift_rune_slice/shift_rune_slice.go:13.23,16.4 2 1
PietroskiCypher/data/usecontrollers/encode/shift_rune_slice/shift_rune_slice.go:16.9,20.4 3 1
PietroskiCypher/data/usecontrollers/generics/string_to_rune_slice/string_to_rune_slice.go:4.43,7.2 2 1
PietroskiCypher/data/usecontrollers/generics/helpers.go:9.46,15.70 5 1
PietroskiCypher/data/usecontrollers/generics/helpers.go:19.2,22.29 3 1
PietroskiCypher/data/usecontrollers/generics/helpers.go:28.2,28.17 1 1
PietroskiCypher/data/usecontrollers/generics/helpers.go:15.70,16.45 1 0
PietroskiCypher/data/usecontrollers/generics/helpers.go:22.29,26.3 3 1
PietroskiCypher/data/usecontrollers/generics/helpers.go:31.64,36.33 3 1
PietroskiCypher/data/usecontrollers/generics/helpers.go:43.2,43.18 1 1
PietroskiCypher/data/usecontrollers/generics/helpers.go:36.33,41.3 3 1
PietroskiCypher/data/usecontrollers/generics/test_executer.go:11.78,18.42 5 1
PietroskiCypher/data/usecontrollers/generics/test_executer.go:22.2,22.86 1 1
PietroskiCypher/data/usecontrollers/generics/test_executer.go:26.2,30.38 3 1
PietroskiCypher/data/usecontrollers/generics/test_executer.go:41.2,47.12 6 1
PietroskiCypher/data/usecontrollers/generics/test_executer.go:18.42,19.67 1 0
PietroskiCypher/data/usecontrollers/generics/test_executer.go:22.86,23.67 1 0
PietroskiCypher/data/usecontrollers/generics/test_executer.go:30.38,34.58 3 1
PietroskiCypher/data/usecontrollers/generics/test_executer.go:38.3,38.55 1 1
PietroskiCypher/data/usecontrollers/generics/test_executer.go:34.58,35.96 1 0
